#
# There is insufficient memory for the Java Runtime Environment to continue.
# Native memory allocation (malloc) failed to allocate 32744 bytes. Error detail: Chunk::new
# Possible reasons:
#   The system is out of physical RAM or swap space
#   This process is running with CompressedOops enabled, and the Java Heap may be blocking the growth of the native heap
# Possible solutions:
#   Reduce memory load on the system
#   Increase physical memory or swap space
#   Check if swap backing store is full
#   Decrease Java heap size (-Xmx/-Xms)
#   Decrease number of Java threads
#   Decrease Java thread stack sizes (-Xss)
#   Set larger code cache with -XX:ReservedCodeCacheSize=
#   JVM is running with Zero Based Compressed Oops mode in which the Java heap is
#     placed in the first 32GB address space. The Java Heap base address is the
#     maximum limit for the native heap growth. Please use -XX:HeapBaseMinAddress
#     to set the Java Heap base and to place the Java Heap above 32GB virtual address.
# This output file may be truncated or incomplete.
#
#  Out of Memory Error (arena.cpp:150), pid=19960, tid=8816
#
# JRE version: Java(TM) SE Runtime Environment (22.0+36) (build 22+36-2370)
# Java VM: Java HotSpot(TM) 64-Bit Server VM (22+36-2370, mixed mode, emulated-client, sharing, tiered, compressed oops, compressed class ptrs, g1 gc, windows-amd64)
# No core dump will be written. Minidumps are not enabled by default on client versions of Windows
#

---------------  S U M M A R Y ------------

Command Line: -XX:TieredStopAtLevel=1 -Dspring.output.ansi.enabled=always -Dcom.sun.management.jmxremote -Dspring.jmx.enabled=true -Dspring.liveBeansView.mbeanDomain -Dspring.application.admin.enabled=true -Dmanagement.endpoints.jmx.exposure.include=* -javaagent:C:\Program Files\JetBrains\IntelliJ IDEA 2024.3.2.2\lib\idea_rt.jar=58821 -Dfile.encoding=UTF-8 -Dsun.stdout.encoding=UTF-8 -Dsun.stderr.encoding=UTF-8 com.api.cepapi.CepapiApplication

Host: Intel(R) Core(TM) i5-9600K CPU @ 3.70GHz, 6 cores, 15G,  Windows 10 , 64 bit Build 19041 (10.0.19041.5915)
Time: Sun Jul 13 12:54:39 2025 Hora oficial do Brasil elapsed time: 0.416145 seconds (0d 0h 0m 0s)

---------------  T H R E A D  ---------------

Current thread (0x0000022029bdb1a0):  JavaThread "C1 CompilerThread2" daemon [_thread_in_vm, id=8816, stack(0x00000023d3500000,0x00000023d3600000) (1024K)]


Current CompileTask:
C1:416 1493       1       java.util.concurrent.locks.ReentrantLock::newCondition (8 bytes)

Stack: [0x00000023d3500000,0x00000023d3600000]
Native frames: (J=compiled Java code, j=interpreted, Vv=VM code, C=native code)
V  [jvm.dll+0x6e2349]  (no source info available)
V  [jvm.dll+0x874ed3]  (no source info available)
V  [jvm.dll+0x8772fe]  (no source info available)
V  [jvm.dll+0x8779d3]  (no source info available)
V  [jvm.dll+0x27fcb6]  (no source info available)
V  [jvm.dll+0xc3d0f]  (no source info available)
V  [jvm.dll+0xc3f6b]  (no source info available)
V  [jvm.dll+0x1f9d0b]  (no source info available)
V  [jvm.dll+0x1e5566]  (no source info available)
V  [jvm.dll+0x256879]  (no source info available)
V  [jvm.dll+0x254c5a]  (no source info available)
V  [jvm.dll+0x3f5426]  (no source info available)
V  [jvm.dll+0x81d50b]  (no source info available)
V  [jvm.dll+0x6e09e5]  (no source info available)
C  [ucrtbase.dll+0x21bb2]  (no source info available)
C  [KERNEL32.DLL+0x17374]  (no source info available)
C  [ntdll.dll+0x4cc91]  (no source info available)


---------------  P R O C E S S  ---------------

Threads class SMR info:
_java_thread_list=0x000002206f229700, length=17, elements={
0x0000022014a17120, 0x0000022029761f00, 0x0000022029766c30, 0x0000022029768510,
0x000002202976a880, 0x000002202976dad0, 0x0000022029770ca0, 0x0000022029775710,
0x000002202997bea0, 0x0000022029731710, 0x0000022029bdb1a0, 0x000002202997cbc0,
0x000002202997d8e0, 0x000002202997c530, 0x000002202997f320, 0x000002202997d250,
0x000002202997df70
}

Java Threads: ( => current thread )
  0x0000022014a17120 JavaThread "main"                              [_thread_in_vm, id=4624, stack(0x00000023d2400000,0x00000023d2500000) (1024K)]
  0x0000022029761f00 JavaThread "Reference Handler"          daemon [_thread_blocked, id=2336, stack(0x00000023d2c00000,0x00000023d2d00000) (1024K)]
  0x0000022029766c30 JavaThread "Finalizer"                  daemon [_thread_blocked, id=14296, stack(0x00000023d2d00000,0x00000023d2e00000) (1024K)]
  0x0000022029768510 JavaThread "Signal Dispatcher"          daemon [_thread_blocked, id=18852, stack(0x00000023d2e00000,0x00000023d2f00000) (1024K)]
  0x000002202976a880 JavaThread "Attach Listener"            daemon [_thread_blocked, id=19188, stack(0x00000023d2f00000,0x00000023d3000000) (1024K)]
  0x000002202976dad0 JavaThread "Service Thread"             daemon [_thread_blocked, id=18156, stack(0x00000023d3000000,0x00000023d3100000) (1024K)]
  0x0000022029770ca0 JavaThread "Monitor Deflation Thread"   daemon [_thread_blocked, id=3068, stack(0x00000023d3100000,0x00000023d3200000) (1024K)]
  0x0000022029775710 JavaThread "C1 CompilerThread0"         daemon [_thread_in_native, id=276, stack(0x00000023d3200000,0x00000023d3300000) (1024K)]
  0x000002202997bea0 JavaThread "Common-Cleaner"             daemon [_thread_blocked, id=19996, stack(0x00000023d3300000,0x00000023d3400000) (1024K)]
  0x0000022029731710 JavaThread "C1 CompilerThread1"         daemon [_thread_in_native, id=19760, stack(0x00000023d3400000,0x00000023d3500000) (1024K)]
=>0x0000022029bdb1a0 JavaThread "C1 CompilerThread2"         daemon [_thread_in_vm, id=8816, stack(0x00000023d3500000,0x00000023d3600000) (1024K)]
  0x000002202997cbc0 JavaThread "Monitor Ctrl-Break"         daemon [_thread_in_native, id=18816, stack(0x00000023d3600000,0x00000023d3700000) (1024K)]
  0x000002202997d8e0 JavaThread "Notification Thread"        daemon [_thread_blocked, id=11852, stack(0x00000023d3700000,0x00000023d3800000) (1024K)]
  0x000002202997c530 JavaThread "RMI TCP Accept-0"           daemon [_thread_in_native, id=16620, stack(0x00000023d3800000,0x00000023d3900000) (1024K)]
  0x000002202997f320 JavaThread "RMI TCP Connection(1)-192.168.1.12" daemon [_thread_in_native, id=17144, stack(0x00000023d3900000,0x00000023d3a00000) (1024K)]
  0x000002202997d250 JavaThread "RMI Scheduler(0)"           daemon [_thread_blocked, id=18720, stack(0x00000023d3a00000,0x00000023d3b00000) (1024K)]
  0x000002202997df70 JavaThread "JMX server connection timeout 25" daemon [_thread_blocked, id=4472, stack(0x00000023d3b00000,0x00000023d3c00000) (1024K)]
Total: 17

Other Threads:
  0x0000022029747460 VMThread "VM Thread"                           [id=20108, stack(0x00000023d2b00000,0x00000023d2c00000) (1024K)]
  0x0000022029730d10 WatcherThread "VM Periodic Task Thread"        [id=17476, stack(0x00000023d2a00000,0x00000023d2b00000) (1024K)]
  0x0000022016c9d920 WorkerThread "GC Thread#0"                     [id=17736, stack(0x00000023d2500000,0x00000023d2600000) (1024K)]
  0x000002206f3d3ea0 WorkerThread "GC Thread#1"                     [id=20320, stack(0x00000023d3c00000,0x00000023d3d00000) (1024K)]
  0x000002206f3d4250 WorkerThread "GC Thread#2"                     [id=19808, stack(0x00000023d3d00000,0x00000023d3e00000) (1024K)]
  0x000002206f41c430 WorkerThread "GC Thread#3"                     [id=4068, stack(0x00000023d3e00000,0x00000023d3f00000) (1024K)]
  0x000002206f41cbf0 WorkerThread "GC Thread#4"                     [id=19756, stack(0x00000023d3f00000,0x00000023d4000000) (1024K)]
  0x000002206f41cfa0 WorkerThread "GC Thread#5"                     [id=19888, stack(0x00000023d4000000,0x00000023d4100000) (1024K)]
  0x0000022016caf8f0 ConcurrentGCThread "G1 Main Marker"            [id=13612, stack(0x00000023d2600000,0x00000023d2700000) (1024K)]
  0x0000022016cb0ab0 WorkerThread "G1 Conc#0"                       [id=19340, stack(0x00000023d2700000,0x00000023d2800000) (1024K)]
  0x00000220295f4580 ConcurrentGCThread "G1 Refine#0"               [id=19028, stack(0x00000023d2800000,0x00000023d2900000) (1024K)]
  0x00000220295f4f10 ConcurrentGCThread "G1 Service"                [id=20200, stack(0x00000023d2900000,0x00000023d2a00000) (1024K)]
Total: 12

Threads with active compile tasks:
C1 CompilerThread0  428 1481       1       java.net.URLStreamHandler::parseURL (1124 bytes)
C1 CompilerThread1  428 1487       1       jdk.internal.org.objectweb.asm.ClassWriter::toByteArray (1517 bytes)
C1 CompilerThread2  429 1493       1       java.util.concurrent.locks.ReentrantLock::newCondition (8 bytes)
Total: 3

VM state: not at safepoint (normal execution)

VM Mutex/Monitor currently owned by a thread: None

Heap address: 0x0000000700e00000, size: 4082 MB, Compressed Oops mode: Zero based, Oop shift amount: 3

CDS archive(s) mapped at: [0x000002202a000000-0x000002202ac60000-0x000002202ac60000), size 12976128, SharedBaseAddress: 0x000002202a000000, ArchiveRelocationMode: 1.
Compressed class space mapped at: 0x000002202b000000-0x000002206b000000, reserved size: 1073741824
Narrow klass base: 0x000002202a000000, Narrow klass shift: 0, Narrow klass range: 0x41000000

GC Precious Log:
 CardTable entry size: 512
 Card Set container configuration: InlinePtr #cards 4 size 8 Array Of Cards #cards 16 size 48 Howl #buckets 8 coarsen threshold 3686 Howl Bitmap #cards 512 size 80 coarsen threshold 460 Card regions per heap region 1 cards per card region 4096
 CPUs: 6 total, 6 available
 Memory: 16322M
 Large Page Support: Disabled
 NUMA Support: Disabled
 Compressed Oops: Enabled (Zero based)
 Heap Region Size: 2M
 Heap Min Capacity: 8M
 Heap Initial Capacity: 256M
 Heap Max Capacity: 4082M
 Pre-touch: Disabled
 Parallel Workers: 6
 Concurrent Workers: 2
 Concurrent Refinement Workers: 6
 Periodic GC: Disabled

Heap:
 garbage-first heap   total reserved 4179968K, committed 262144K, used 5004K [0x0000000700e00000, 0x0000000800000000)
  region size 2048K, 3 young (6144K), 2 survivors (4096K)
 Metaspace       used 7311K, committed 7680K, reserved 1114112K
  class space    used 918K, committed 1088K, reserved 1048576K

Heap Regions: E=young(eden), S=young(survivor), O=old, HS=humongous(starts), HC=humongous(continues), CS=collection set, F=free, TAMS=top-at-mark-start, PB=parsable bottom
|   0|0x0000000700e00000, 0x0000000700ee3008, 0x0000000701000000| 44%| O|  |TAMS 0x0000000700e00000| PB 0x0000000700e00000| Untracked |  0
|   1|0x0000000701000000, 0x0000000701000000, 0x0000000701200000|  0%| F|  |TAMS 0x0000000701000000| PB 0x0000000701000000| Untracked |  0
|   2|0x0000000701200000, 0x0000000701200000, 0x0000000701400000|  0%| F|  |TAMS 0x0000000701200000| PB 0x0000000701200000| Untracked |  0
|   3|0x0000000701400000, 0x0000000701400000, 0x0000000701600000|  0%| F|  |TAMS 0x0000000701400000| PB 0x0000000701400000| Untracked |  0
|   4|0x0000000701600000, 0x0000000701600000, 0x0000000701800000|  0%| F|  |TAMS 0x0000000701600000| PB 0x0000000701600000| Untracked |  0
|   5|0x0000000701800000, 0x0000000701800000, 0x0000000701a00000|  0%| F|  |TAMS 0x0000000701800000| PB 0x0000000701800000| Untracked |  0
|   6|0x0000000701a00000, 0x0000000701a00000, 0x0000000701c00000|  0%| F|  |TAMS 0x0000000701a00000| PB 0x0000000701a00000| Untracked |  0
|   7|0x0000000701c00000, 0x0000000701c00000, 0x0000000701e00000|  0%| F|  |TAMS 0x0000000701c00000| PB 0x0000000701c00000| Untracked |  0
|   8|0x0000000701e00000, 0x0000000701e00000, 0x0000000702000000|  0%| F|  |TAMS 0x0000000701e00000| PB 0x0000000701e00000| Untracked |  0
|   9|0x0000000702000000, 0x0000000702000000, 0x0000000702200000|  0%| F|  |TAMS 0x0000000702000000| PB 0x0000000702000000| Untracked |  0
|  10|0x0000000702200000, 0x0000000702200000, 0x0000000702400000|  0%| F|  |TAMS 0x0000000702200000| PB 0x0000000702200000| Untracked |  0
|  11|0x0000000702400000, 0x0000000702400000, 0x0000000702600000|  0%| F|  |TAMS 0x0000000702400000| PB 0x0000000702400000| Untracked |  0
|  12|0x0000000702600000, 0x0000000702600000, 0x0000000702800000|  0%| F|  |TAMS 0x0000000702600000| PB 0x0000000702600000| Untracked |  0
|  13|0x0000000702800000, 0x0000000702800000, 0x0000000702a00000|  0%| F|  |TAMS 0x0000000702800000| PB 0x0000000702800000| Untracked |  0
|  14|0x0000000702a00000, 0x0000000702a00000, 0x0000000702c00000|  0%| F|  |TAMS 0x0000000702a00000| PB 0x0000000702a00000| Untracked |  0
|  15|0x0000000702c00000, 0x0000000702c00000, 0x0000000702e00000|  0%| F|  |TAMS 0x0000000702c00000| PB 0x0000000702c00000| Untracked |  0
|  16|0x0000000702e00000, 0x0000000702e00000, 0x0000000703000000|  0%| F|  |TAMS 0x0000000702e00000| PB 0x0000000702e00000| Untracked |  0
|  17|0x0000000703000000, 0x0000000703000000, 0x0000000703200000|  0%| F|  |TAMS 0x0000000703000000| PB 0x0000000703000000| Untracked |  0
|  18|0x0000000703200000, 0x0000000703200000, 0x0000000703400000|  0%| F|  |TAMS 0x0000000703200000| PB 0x0000000703200000| Untracked |  0
|  19|0x0000000703400000, 0x0000000703400000, 0x0000000703600000|  0%| F|  |TAMS 0x0000000703400000| PB 0x0000000703400000| Untracked |  0
|  20|0x0000000703600000, 0x0000000703600000, 0x0000000703800000|  0%| F|  |TAMS 0x0000000703600000| PB 0x0000000703600000| Untracked |  0
|  21|0x0000000703800000, 0x0000000703800000, 0x0000000703a00000|  0%| F|  |TAMS 0x0000000703800000| PB 0x0000000703800000| Untracked |  0
|  22|0x0000000703a00000, 0x0000000703a00000, 0x0000000703c00000|  0%| F|  |TAMS 0x0000000703a00000| PB 0x0000000703a00000| Untracked |  0
|  23|0x0000000703c00000, 0x0000000703c00000, 0x0000000703e00000|  0%| F|  |TAMS 0x0000000703c00000| PB 0x0000000703c00000| Untracked |  0
|  24|0x0000000703e00000, 0x0000000703e00000, 0x0000000704000000|  0%| F|  |TAMS 0x0000000703e00000| PB 0x0000000703e00000| Untracked |  0
|  25|0x0000000704000000, 0x0000000704000000, 0x0000000704200000|  0%| F|  |TAMS 0x0000000704000000| PB 0x0000000704000000| Untracked |  0
|  26|0x0000000704200000, 0x0000000704200000, 0x0000000704400000|  0%| F|  |TAMS 0x0000000704200000| PB 0x0000000704200000| Untracked |  0
|  27|0x0000000704400000, 0x0000000704400000, 0x0000000704600000|  0%| F|  |TAMS 0x0000000704400000| PB 0x0000000704400000| Untracked |  0
|  28|0x0000000704600000, 0x0000000704600000, 0x0000000704800000|  0%| F|  |TAMS 0x0000000704600000| PB 0x0000000704600000| Untracked |  0
|  29|0x0000000704800000, 0x0000000704800000, 0x0000000704a00000|  0%| F|  |TAMS 0x0000000704800000| PB 0x0000000704800000| Untracked |  0
|  30|0x0000000704a00000, 0x0000000704a00000, 0x0000000704c00000|  0%| F|  |TAMS 0x0000000704a00000| PB 0x0000000704a00000| Untracked |  0
|  31|0x0000000704c00000, 0x0000000704c00000, 0x0000000704e00000|  0%| F|  |TAMS 0x0000000704c00000| PB 0x0000000704c00000| Untracked |  0
|  32|0x0000000704e00000, 0x0000000704e00000, 0x0000000705000000|  0%| F|  |TAMS 0x0000000704e00000| PB 0x0000000704e00000| Untracked |  0
|  33|0x0000000705000000, 0x0000000705000000, 0x0000000705200000|  0%| F|  |TAMS 0x0000000705000000| PB 0x0000000705000000| Untracked |  0
|  34|0x0000000705200000, 0x0000000705200000, 0x0000000705400000|  0%| F|  |TAMS 0x0000000705200000| PB 0x0000000705200000| Untracked |  0
|  35|0x0000000705400000, 0x0000000705400000, 0x0000000705600000|  0%| F|  |TAMS 0x0000000705400000| PB 0x0000000705400000| Untracked |  0
|  36|0x0000000705600000, 0x0000000705600000, 0x0000000705800000|  0%| F|  |TAMS 0x0000000705600000| PB 0x0000000705600000| Untracked |  0
|  37|0x0000000705800000, 0x0000000705800000, 0x0000000705a00000|  0%| F|  |TAMS 0x0000000705800000| PB 0x0000000705800000| Untracked |  0
|  38|0x0000000705a00000, 0x0000000705a00000, 0x0000000705c00000|  0%| F|  |TAMS 0x0000000705a00000| PB 0x0000000705a00000| Untracked |  0
|  39|0x0000000705c00000, 0x0000000705c00000, 0x0000000705e00000|  0%| F|  |TAMS 0x0000000705c00000| PB 0x0000000705c00000| Untracked |  0
|  40|0x0000000705e00000, 0x0000000705e00000, 0x0000000706000000|  0%| F|  |TAMS 0x0000000705e00000| PB 0x0000000705e00000| Untracked |  0
|  41|0x0000000706000000, 0x0000000706000000, 0x0000000706200000|  0%| F|  |TAMS 0x0000000706000000| PB 0x0000000706000000| Untracked |  0
|  42|0x0000000706200000, 0x0000000706200000, 0x0000000706400000|  0%| F|  |TAMS 0x0000000706200000| PB 0x0000000706200000| Untracked |  0
|  43|0x0000000706400000, 0x0000000706400000, 0x0000000706600000|  0%| F|  |TAMS 0x0000000706400000| PB 0x0000000706400000| Untracked |  0
|  44|0x0000000706600000, 0x0000000706600000, 0x0000000706800000|  0%| F|  |TAMS 0x0000000706600000| PB 0x0000000706600000| Untracked |  0
|  45|0x0000000706800000, 0x0000000706800000, 0x0000000706a00000|  0%| F|  |TAMS 0x0000000706800000| PB 0x0000000706800000| Untracked |  0
|  46|0x0000000706a00000, 0x0000000706a00000, 0x0000000706c00000|  0%| F|  |TAMS 0x0000000706a00000| PB 0x0000000706a00000| Untracked |  0
|  47|0x0000000706c00000, 0x0000000706c00000, 0x0000000706e00000|  0%| F|  |TAMS 0x0000000706c00000| PB 0x0000000706c00000| Untracked |  0
|  48|0x0000000706e00000, 0x0000000706e00000, 0x0000000707000000|  0%| F|  |TAMS 0x0000000706e00000| PB 0x0000000706e00000| Untracked |  0
|  49|0x0000000707000000, 0x0000000707000000, 0x0000000707200000|  0%| F|  |TAMS 0x0000000707000000| PB 0x0000000707000000| Untracked |  0
|  50|0x0000000707200000, 0x0000000707200000, 0x0000000707400000|  0%| F|  |TAMS 0x0000000707200000| PB 0x0000000707200000| Untracked |  0
|  51|0x0000000707400000, 0x0000000707400000, 0x0000000707600000|  0%| F|  |TAMS 0x0000000707400000| PB 0x0000000707400000| Untracked |  0
|  52|0x0000000707600000, 0x0000000707600000, 0x0000000707800000|  0%| F|  |TAMS 0x0000000707600000| PB 0x0000000707600000| Untracked |  0
|  53|0x0000000707800000, 0x0000000707800000, 0x0000000707a00000|  0%| F|  |TAMS 0x0000000707800000| PB 0x0000000707800000| Untracked |  0
|  54|0x0000000707a00000, 0x0000000707a00000, 0x0000000707c00000|  0%| F|  |TAMS 0x0000000707a00000| PB 0x0000000707a00000| Untracked |  0
|  55|0x0000000707c00000, 0x0000000707c00000, 0x0000000707e00000|  0%| F|  |TAMS 0x0000000707c00000| PB 0x0000000707c00000| Untracked |  0
|  56|0x0000000707e00000, 0x0000000707e00000, 0x0000000708000000|  0%| F|  |TAMS 0x0000000707e00000| PB 0x0000000707e00000| Untracked |  0
|  57|0x0000000708000000, 0x0000000708000000, 0x0000000708200000|  0%| F|  |TAMS 0x0000000708000000| PB 0x0000000708000000| Untracked |  0
|  58|0x0000000708200000, 0x0000000708200000, 0x0000000708400000|  0%| F|  |TAMS 0x0000000708200000| PB 0x0000000708200000| Untracked |  0
|  59|0x0000000708400000, 0x0000000708400000, 0x0000000708600000|  0%| F|  |TAMS 0x0000000708400000| PB 0x0000000708400000| Untracked |  0
|  60|0x0000000708600000, 0x0000000708600000, 0x0000000708800000|  0%| F|  |TAMS 0x0000000708600000| PB 0x0000000708600000| Untracked |  0
|  61|0x0000000708800000, 0x0000000708800000, 0x0000000708a00000|  0%| F|  |TAMS 0x0000000708800000| PB 0x0000000708800000| Untracked |  0
|  62|0x0000000708a00000, 0x0000000708a00000, 0x0000000708c00000|  0%| F|  |TAMS 0x0000000708a00000| PB 0x0000000708a00000| Untracked |  0
|  63|0x0000000708c00000, 0x0000000708c00000, 0x0000000708e00000|  0%| F|  |TAMS 0x0000000708c00000| PB 0x0000000708c00000| Untracked |  0
|  64|0x0000000708e00000, 0x0000000708e00000, 0x0000000709000000|  0%| F|  |TAMS 0x0000000708e00000| PB 0x0000000708e00000| Untracked |  0
|  65|0x0000000709000000, 0x0000000709000000, 0x0000000709200000|  0%| F|  |TAMS 0x0000000709000000| PB 0x0000000709000000| Untracked |  0
|  66|0x0000000709200000, 0x0000000709200000, 0x0000000709400000|  0%| F|  |TAMS 0x0000000709200000| PB 0x0000000709200000| Untracked |  0
|  67|0x0000000709400000, 0x0000000709400000, 0x0000000709600000|  0%| F|  |TAMS 0x0000000709400000| PB 0x0000000709400000| Untracked |  0
|  68|0x0000000709600000, 0x0000000709600000, 0x0000000709800000|  0%| F|  |TAMS 0x0000000709600000| PB 0x0000000709600000| Untracked |  0
|  69|0x0000000709800000, 0x0000000709800000, 0x0000000709a00000|  0%| F|  |TAMS 0x0000000709800000| PB 0x0000000709800000| Untracked |  0
|  70|0x0000000709a00000, 0x0000000709a00000, 0x0000000709c00000|  0%| F|  |TAMS 0x0000000709a00000| PB 0x0000000709a00000| Untracked |  0
|  71|0x0000000709c00000, 0x0000000709c00000, 0x0000000709e00000|  0%| F|  |TAMS 0x0000000709c00000| PB 0x0000000709c00000| Untracked |  0
|  72|0x0000000709e00000, 0x0000000709e00000, 0x000000070a000000|  0%| F|  |TAMS 0x0000000709e00000| PB 0x0000000709e00000| Untracked |  0
|  73|0x000000070a000000, 0x000000070a000000, 0x000000070a200000|  0%| F|  |TAMS 0x000000070a000000| PB 0x000000070a000000| Untracked |  0
|  74|0x000000070a200000, 0x000000070a200000, 0x000000070a400000|  0%| F|  |TAMS 0x000000070a200000| PB 0x000000070a200000| Untracked |  0
|  75|0x000000070a400000, 0x000000070a400000, 0x000000070a600000|  0%| F|  |TAMS 0x000000070a400000| PB 0x000000070a400000| Untracked |  0
|  76|0x000000070a600000, 0x000000070a600000, 0x000000070a800000|  0%| F|  |TAMS 0x000000070a600000| PB 0x000000070a600000| Untracked |  0
|  77|0x000000070a800000, 0x000000070a800000, 0x000000070aa00000|  0%| F|  |TAMS 0x000000070a800000| PB 0x000000070a800000| Untracked |  0
|  78|0x000000070aa00000, 0x000000070aa00000, 0x000000070ac00000|  0%| F|  |TAMS 0x000000070aa00000| PB 0x000000070aa00000| Untracked |  0
|  79|0x000000070ac00000, 0x000000070ac00000, 0x000000070ae00000|  0%| F|  |TAMS 0x000000070ac00000| PB 0x000000070ac00000| Untracked |  0
|  80|0x000000070ae00000, 0x000000070ae00000, 0x000000070b000000|  0%| F|  |TAMS 0x000000070ae00000| PB 0x000000070ae00000| Untracked |  0
|  81|0x000000070b000000, 0x000000070b000000, 0x000000070b200000|  0%| F|  |TAMS 0x000000070b000000| PB 0x000000070b000000| Untracked |  0
|  82|0x000000070b200000, 0x000000070b200000, 0x000000070b400000|  0%| F|  |TAMS 0x000000070b200000| PB 0x000000070b200000| Untracked |  0
|  83|0x000000070b400000, 0x000000070b400000, 0x000000070b600000|  0%| F|  |TAMS 0x000000070b400000| PB 0x000000070b400000| Untracked |  0
|  84|0x000000070b600000, 0x000000070b600000, 0x000000070b800000|  0%| F|  |TAMS 0x000000070b600000| PB 0x000000070b600000| Untracked |  0
|  85|0x000000070b800000, 0x000000070b800000, 0x000000070ba00000|  0%| F|  |TAMS 0x000000070b800000| PB 0x000000070b800000| Untracked |  0
|  86|0x000000070ba00000, 0x000000070ba00000, 0x000000070bc00000|  0%| F|  |TAMS 0x000000070ba00000| PB 0x000000070ba00000| Untracked |  0
|  87|0x000000070bc00000, 0x000000070bc00000, 0x000000070be00000|  0%| F|  |TAMS 0x000000070bc00000| PB 0x000000070bc00000| Untracked |  0
|  88|0x000000070be00000, 0x000000070be00000, 0x000000070c000000|  0%| F|  |TAMS 0x000000070be00000| PB 0x000000070be00000| Untracked |  0
|  89|0x000000070c000000, 0x000000070c000000, 0x000000070c200000|  0%| F|  |TAMS 0x000000070c000000| PB 0x000000070c000000| Untracked |  0
|  90|0x000000070c200000, 0x000000070c200000, 0x000000070c400000|  0%| F|  |TAMS 0x000000070c200000| PB 0x000000070c200000| Untracked |  0
|  91|0x000000070c400000, 0x000000070c400000, 0x000000070c600000|  0%| F|  |TAMS 0x000000070c400000| PB 0x000000070c400000| Untracked |  0
|  92|0x000000070c600000, 0x000000070c600000, 0x000000070c800000|  0%| F|  |TAMS 0x000000070c600000| PB 0x000000070c600000| Untracked |  0
|  93|0x000000070c800000, 0x000000070c800000, 0x000000070ca00000|  0%| F|  |TAMS 0x000000070c800000| PB 0x000000070c800000| Untracked |  0
|  94|0x000000070ca00000, 0x000000070ca00000, 0x000000070cc00000|  0%| F|  |TAMS 0x000000070ca00000| PB 0x000000070ca00000| Untracked |  0
|  95|0x000000070cc00000, 0x000000070cc00000, 0x000000070ce00000|  0%| F|  |TAMS 0x000000070cc00000| PB 0x000000070cc00000| Untracked |  0
|  96|0x000000070ce00000, 0x000000070ce00000, 0x000000070d000000|  0%| F|  |TAMS 0x000000070ce00000| PB 0x000000070ce00000| Untracked |  0
|  97|0x000000070d000000, 0x000000070d000000, 0x000000070d200000|  0%| F|  |TAMS 0x000000070d000000| PB 0x000000070d000000| Untracked |  0
|  98|0x000000070d200000, 0x000000070d200000, 0x000000070d400000|  0%| F|  |TAMS 0x000000070d200000| PB 0x000000070d200000| Untracked |  0
|  99|0x000000070d400000, 0x000000070d400000, 0x000000070d600000|  0%| F|  |TAMS 0x000000070d400000| PB 0x000000070d400000| Untracked |  0
| 100|0x000000070d600000, 0x000000070d600000, 0x000000070d800000|  0%| F|  |TAMS 0x000000070d600000| PB 0x000000070d600000| Untracked |  0
| 101|0x000000070d800000, 0x000000070d800000, 0x000000070da00000|  0%| F|  |TAMS 0x000000070d800000| PB 0x000000070d800000| Untracked |  0
| 102|0x000000070da00000, 0x000000070da00000, 0x000000070dc00000|  0%| F|  |TAMS 0x000000070da00000| PB 0x000000070da00000| Untracked |  0
| 103|0x000000070dc00000, 0x000000070dc00000, 0x000000070de00000|  0%| F|  |TAMS 0x000000070dc00000| PB 0x000000070dc00000| Untracked |  0
| 104|0x000000070de00000, 0x000000070de00000, 0x000000070e000000|  0%| F|  |TAMS 0x000000070de00000| PB 0x000000070de00000| Untracked |  0
| 105|0x000000070e000000, 0x000000070e000000, 0x000000070e200000|  0%| F|  |TAMS 0x000000070e000000| PB 0x000000070e000000| Untracked |  0
| 106|0x000000070e200000, 0x000000070e200000, 0x000000070e400000|  0%| F|  |TAMS 0x000000070e200000| PB 0x000000070e200000| Untracked |  0
| 107|0x000000070e400000, 0x000000070e400000, 0x000000070e600000|  0%| F|  |TAMS 0x000000070e400000| PB 0x000000070e400000| Untracked |  0
| 108|0x000000070e600000, 0x000000070e600000, 0x000000070e800000|  0%| F|  |TAMS 0x000000070e600000| PB 0x000000070e600000| Untracked |  0
| 109|0x000000070e800000, 0x000000070e800000, 0x000000070ea00000|  0%| F|  |TAMS 0x000000070e800000| PB 0x000000070e800000| Untracked |  0
| 110|0x000000070ea00000, 0x000000070ea00000, 0x000000070ec00000|  0%| F|  |TAMS 0x000000070ea00000| PB 0x000000070ea00000| Untracked |  0
| 111|0x000000070ec00000, 0x000000070ec00000, 0x000000070ee00000|  0%| F|  |TAMS 0x000000070ec00000| PB 0x000000070ec00000| Untracked |  0
| 112|0x000000070ee00000, 0x000000070ee00000, 0x000000070f000000|  0%| F|  |TAMS 0x000000070ee00000| PB 0x000000070ee00000| Untracked |  0
| 113|0x000000070f000000, 0x000000070f000000, 0x000000070f200000|  0%| F|  |TAMS 0x000000070f000000| PB 0x000000070f000000| Untracked |  0
| 114|0x000000070f200000, 0x000000070f200000, 0x000000070f400000|  0%| F|  |TAMS 0x000000070f200000| PB 0x000000070f200000| Untracked |  0
| 115|0x000000070f400000, 0x000000070f600000, 0x000000070f600000|100%| S|CS|TAMS 0x000000070f400000| PB 0x000000070f400000| Complete |  0
| 116|0x000000070f600000, 0x000000070f800000, 0x000000070f800000|100%| S|CS|TAMS 0x000000070f600000| PB 0x000000070f600000| Complete |  0
| 117|0x000000070f800000, 0x000000070f800000, 0x000000070fa00000|  0%| F|  |TAMS 0x000000070f800000| PB 0x000000070f800000| Untracked |  0
| 118|0x000000070fa00000, 0x000000070fa00000, 0x000000070fc00000|  0%| F|  |TAMS 0x000000070fa00000| PB 0x000000070fa00000| Untracked |  0
| 119|0x000000070fc00000, 0x000000070fc00000, 0x000000070fe00000|  0%| F|  |TAMS 0x000000070fc00000| PB 0x000000070fc00000| Untracked |  0
| 120|0x000000070fe00000, 0x000000070fe00000, 0x0000000710000000|  0%| F|  |TAMS 0x000000070fe00000| PB 0x000000070fe00000| Untracked |  0
| 121|0x0000000710000000, 0x0000000710000000, 0x0000000710200000|  0%| F|  |TAMS 0x0000000710000000| PB 0x0000000710000000| Untracked |  0
| 122|0x0000000710200000, 0x0000000710200000, 0x0000000710400000|  0%| F|  |TAMS 0x0000000710200000| PB 0x0000000710200000| Untracked |  0
| 123|0x0000000710400000, 0x0000000710400000, 0x0000000710600000|  0%| F|  |TAMS 0x0000000710400000| PB 0x0000000710400000| Untracked |  0
| 124|0x0000000710600000, 0x0000000710600000, 0x0000000710800000|  0%| F|  |TAMS 0x0000000710600000| PB 0x0000000710600000| Untracked |  0
| 125|0x0000000710800000, 0x0000000710800000, 0x0000000710a00000|  0%| F|  |TAMS 0x0000000710800000| PB 0x0000000710800000| Untracked |  0
| 126|0x0000000710a00000, 0x0000000710a00000, 0x0000000710c00000|  0%| F|  |TAMS 0x0000000710a00000| PB 0x0000000710a00000| Untracked |  0
| 127|0x0000000710c00000, 0x0000000710d77070, 0x0000000710e00000| 73%| E|  |TAMS 0x0000000710c00000| PB 0x0000000710c00000| Complete |  0

Card table byte_map: [0x0000022022780000,0x0000022022f80000] _byte_map_base: 0x000002201ef79000

Marking Bits: (CMBitMap*) 0x0000022016c9df40
 Bits: [0x0000022022f80000, 0x0000022026f48000)

Polling page: 0x0000022014c00000

Metaspace:

Usage:
  Non-class:      6.24 MB used.
      Class:    918.71 KB used.
       Both:      7.14 MB used.

Virtual space:
  Non-class space:       64.00 MB reserved,       6.44 MB ( 10%) committed,  1 nodes.
      Class space:        1.00 GB reserved,       1.06 MB ( <1%) committed,  1 nodes.
             Both:        1.06 GB reserved,       7.50 MB ( <1%) committed. 

Chunk freelists:
   Non-Class:  9.53 MB
       Class:  14.98 MB
        Both:  24.52 MB

MaxMetaspaceSize: unlimited
CompressedClassSpaceSize: 1.00 GB
Initial GC threshold: 21.00 MB
Current GC threshold: 21.00 MB
CDS: on
 - commit_granule_bytes: 65536.
 - commit_granule_words: 8192.
 - virtual_space_node_default_size: 8388608.
 - enlarge_chunks_in_place: 1.
 - use_allocation_guard: 0.


Internal statistics:

num_allocs_failed_limit: 0.
num_arena_births: 280.
num_arena_deaths: 0.
num_vsnodes_births: 2.
num_vsnodes_deaths: 0.
num_space_committed: 120.
num_space_uncommitted: 0.
num_chunks_returned_to_freelist: 0.
num_chunks_taken_from_freelist: 424.
num_chunk_merges: 0.
num_chunk_splits: 251.
num_chunks_enlarged: 110.
num_inconsistent_stats: 0.

CodeCache: size=49152Kb used=4461Kb max_used=4461Kb free=44690Kb
 bounds [0x000002201ef80000, 0x000002201f3e0000, 0x0000022021f80000]
 total_blobs=1983 nmethods=1490 adapters=416
 compilation: enabled
              stopped_count=0, restarted_count=0
 full_count=0

Compilation events (20 events):
Event: 0.411 Thread 0x0000022029bdb1a0 nmethod 1482 0x000002201f3d6d90 code [0x000002201f3d6fa0, 0x000002201f3d7398]
Event: 0.411 Thread 0x0000022029731710 nmethod 1483 0x000002201f3d7690 code [0x000002201f3d78e0, 0x000002201f3d7ee8]
Event: 0.411 Thread 0x0000022029bdb1a0 1484   !   1       jdk.internal.loader.URLClassPath$FileLoader::getResource (153 bytes)
Event: 0.412 Thread 0x0000022029bdb1a0 nmethod 1484 0x000002201f3d8210 code [0x000002201f3d84e0, 0x000002201f3d8e30]
Event: 0.412 Thread 0x0000022029bdb1a0 1485       1       jdk.internal.org.objectweb.asm.ClassWriter::visit (160 bytes)
Event: 0.412 Thread 0x0000022029731710 1486       1       jdk.internal.org.objectweb.asm.SymbolTable::setMajorVersionAndClassName (19 bytes)
Event: 0.413 Thread 0x0000022029731710 nmethod 1486 0x000002201f3d9610 code [0x000002201f3d97c0, 0x000002201f3d9908]
Event: 0.413 Thread 0x0000022029731710 1487       1       jdk.internal.org.objectweb.asm.ClassWriter::toByteArray (1517 bytes)
Event: 0.413 Thread 0x0000022029bdb1a0 nmethod 1485 0x000002201f3d9a10 code [0x000002201f3d9c00, 0x000002201f3da078]
Event: 0.413 Thread 0x0000022029bdb1a0 1488       1       jdk.internal.org.objectweb.asm.SymbolTable::computeBootstrapMethodsSize (27 bytes)
Event: 0.413 Thread 0x0000022029bdb1a0 nmethod 1488 0x000002201f3da390 code [0x000002201f3da540, 0x000002201f3da690]
Event: 0.413 Thread 0x0000022029bdb1a0 1489       1       jdk.internal.org.objectweb.asm.SymbolTable::getConstantPoolLength (8 bytes)
Event: 0.413 Thread 0x0000022029bdb1a0 nmethod 1489 0x000002201f3da790 code [0x000002201f3da920, 0x000002201f3da9f8]
Event: 0.413 Thread 0x0000022029bdb1a0 1490       1       jdk.internal.org.objectweb.asm.ByteVector::<init> (12 bytes)
Event: 0.413 Thread 0x0000022029bdb1a0 nmethod 1490 0x000002201f3daa90 code [0x000002201f3dac20, 0x000002201f3dadd0]
Event: 0.413 Thread 0x0000022029bdb1a0 1491       1       jdk.internal.org.objectweb.asm.SymbolTable::putConstantPool (28 bytes)
Event: 0.413 Thread 0x0000022029bdb1a0 nmethod 1491 0x000002201f3dae90 code [0x000002201f3db040, 0x000002201f3db190]
Event: 0.413 Thread 0x0000022029bdb1a0 1492       1       jdk.internal.misc.Unsafe::storeFence (5 bytes)
Event: 0.413 Thread 0x0000022029bdb1a0 nmethod 1492 0x000002201f3db290 code [0x000002201f3db420, 0x000002201f3db4f0]
Event: 0.414 Thread 0x0000022029bdb1a0 1493       1       java.util.concurrent.locks.ReentrantLock::newCondition (8 bytes)

GC Heap History (2 events):
Event: 0.402 GC heap before
{Heap before GC invocations=0 (full 0):
 garbage-first heap   total reserved 4179968K, committed 262144K, used 20480K [0x0000000700e00000, 0x0000000800000000)
  region size 2048K, 11 young (22528K), 0 survivors (0K)
 Metaspace       used 7205K, committed 7552K, reserved 1114112K
  class space    used 900K, committed 1024K, reserved 1048576K
}
Event: 0.406 GC heap after
{Heap after GC invocations=1 (full 0):
 garbage-first heap   total reserved 4179968K, committed 262144K, used 5004K [0x0000000700e00000, 0x0000000800000000)
  region size 2048K, 2 young (4096K), 2 survivors (4096K)
 Metaspace       used 7205K, committed 7552K, reserved 1114112K
  class space    used 900K, committed 1024K, reserved 1048576K
}

Dll operation events (10 events):
Event: 0.006 Loaded shared library C:\Program Files\Java\jdk-22\bin\java.dll
Event: 0.082 Loaded shared library C:\Program Files\Java\jdk-22\bin\zip.dll
Event: 0.085 Loaded shared library C:\Program Files\Java\jdk-22\bin\instrument.dll
Event: 0.088 Loaded shared library C:\Program Files\Java\jdk-22\bin\net.dll
Event: 0.089 Loaded shared library C:\Program Files\Java\jdk-22\bin\nio.dll
Event: 0.091 Loaded shared library C:\Program Files\Java\jdk-22\bin\zip.dll
Event: 0.126 Loaded shared library C:\Program Files\Java\jdk-22\bin\jimage.dll
Event: 0.130 Loaded shared library C:\Program Files\Java\jdk-22\bin\extnet.dll
Event: 0.141 Loaded shared library C:\Program Files\Java\jdk-22\bin\management.dll
Event: 0.149 Loaded shared library C:\Program Files\Java\jdk-22\bin\management_ext.dll

Deoptimization events (0 events):
No events

Classes loaded (20 events):
Event: 0.389 Loading class java/nio/file/NoSuchFileException
Event: 0.389 Loading class java/nio/file/FileSystemException
Event: 0.389 Loading class java/nio/file/FileSystemException done
Event: 0.389 Loading class java/nio/file/NoSuchFileException done
Event: 0.389 Loading class java/io/UncheckedIOException
Event: 0.389 Loading class java/io/UncheckedIOException done
Event: 0.391 Loading class java/net/HttpURLConnection
Event: 0.391 Loading class java/net/HttpURLConnection done
Event: 0.392 Loading class java/net/URLDecoder
Event: 0.392 Loading class java/net/URLDecoder done
Event: 0.394 Loading class java/util/stream/DistinctOps
Event: 0.394 Loading class java/util/stream/DistinctOps done
Event: 0.394 Loading class java/util/stream/DistinctOps$1
Event: 0.394 Loading class java/util/stream/ReferencePipeline$StatefulOp
Event: 0.394 Loading class java/util/stream/ReferencePipeline$StatefulOp done
Event: 0.394 Loading class java/util/stream/DistinctOps$1 done
Event: 0.395 Loading class java/util/stream/DistinctOps$1$2
Event: 0.395 Loading class java/util/stream/DistinctOps$1$2 done
Event: 0.400 Loading class java/lang/reflect/UndeclaredThrowableException
Event: 0.400 Loading class java/lang/reflect/UndeclaredThrowableException done

Classes unloaded (0 events):
No events

Classes redefined (0 events):
No events

Internal exceptions (20 events):
Event: 0.274 Thread 0x0000022014a17120 Exception <a 'java/lang/NoSuchMethodError'{0x000000071018e9d8}: 'java.lang.Object java.lang.invoke.DirectMethodHandle$Holder.invokeStaticInit(java.lang.Object, int, int, int, int)'> (0x000000071018e9d8) 
thrown [s\open\src\hotspot\share\interpreter\linkResolver.cpp, line 774]
Event: 0.285 Thread 0x0000022014a17120 Exception <a 'java/lang/NoSuchMethodError'{0x000000070fe3ada0}: 'java.lang.Object java.lang.invoke.DirectMethodHandle$Holder.invokeStaticInit(java.lang.Object, java.lang.Object, int, int, int, int)'> (0x000000070fe3ada0) 
thrown [s\open\src\hotspot\share\interpreter\linkResolver.cpp, line 774]
Event: 0.295 Thread 0x0000022014a17120 Exception <a 'java/lang/ClassNotFoundException'{0x000000070fe586a0}: javax/management/remote/rmi/RMIServerImpl_Skel> (0x000000070fe586a0) 
thrown [s\open\src\hotspot\share\classfile\systemDictionary.cpp, line 313]
Event: 0.301 Thread 0x0000022014a17120 Exception <a 'java/lang/NoSuchMethodError'{0x000000070fee48f0}: 'long java.lang.invoke.DirectMethodHandle$Holder.invokeSpecial(java.lang.Object, java.lang.Object)'> (0x000000070fee48f0) 
thrown [s\open\src\hotspot\share\interpreter\linkResolver.cpp, line 774]
Event: 0.302 Thread 0x0000022014a17120 Exception <a 'java/lang/NoSuchMethodError'{0x000000070fee7fc8}: 'long java.lang.invoke.Invokers$Holder.invokeExact_MT(java.lang.Object, java.lang.Object)'> (0x000000070fee7fc8) 
thrown [s\open\src\hotspot\share\interpreter\linkResolver.cpp, line 774]
Event: 0.303 Thread 0x0000022014a17120 Exception <a 'java/lang/NoSuchMethodError'{0x000000070fef8e80}: 'void java.lang.invoke.DirectMethodHandle$Holder.invokeSpecial(java.lang.Object, java.lang.Object, java.lang.Object)'> (0x000000070fef8e80) 
thrown [s\open\src\hotspot\share\interpreter\linkResolver.cpp, line 774]
Event: 0.319 Thread 0x000002202997f320 Exception <a 'java/lang/NoSuchMethodError'{0x000000070fc96468}: static [B.<clinit>()V> (0x000000070fc96468) 
thrown [s\open\src\hotspot\share\prims\jni.cpp, line 1111]
Event: 0.320 Thread 0x000002202997f320 Exception <a 'java/lang/NoSuchMethodError'{0x000000070fc98000}: 'java.lang.Object java.lang.invoke.DirectMethodHandle$Holder.invokeInterface(java.lang.Object, java.lang.Object, java.lang.Object)'> (0x000000070fc98000) 
thrown [s\open\src\hotspot\share\interpreter\linkResolver.cpp, line 774]
Event: 0.330 Thread 0x000002202997f320 Exception <a 'java/lang/ClassNotFoundException'{0x000000070fcbd908}: javax/management/remote/rmi/RMIConnectionImpl_Skel> (0x000000070fcbd908) 
thrown [s\open\src\hotspot\share\classfile\systemDictionary.cpp, line 313]
Event: 0.332 Thread 0x000002202997df70 Exception <a 'java/lang/NoSuchMethodError'{0x000000070fdef278}: 'java.lang.Object java.lang.invoke.Invokers$Holder.linkToTargetMethod(java.lang.Object, long, java.lang.Object)'> (0x000000070fdef278) 
thrown [s\open\src\hotspot\share\interpreter\linkResolver.cpp, line 774]
Event: 0.334 Thread 0x000002202997f320 Exception <a 'java/lang/NoSuchMethodError'{0x000000070fcdd508}: 'java.lang.Object java.lang.invoke.DirectMethodHandle$Holder.invokeInterface(java.lang.Object, java.lang.Object)'> (0x000000070fcdd508) 
thrown [s\open\src\hotspot\share\interpreter\linkResolver.cpp, line 774]
Event: 0.337 Thread 0x000002202997f320 Exception <a 'java/lang/NoSuchMethodError'{0x000000070fa889e8}: 'int java.lang.invoke.DelegatingMethodHandle$Holder.reinvoke_L(java.lang.Object, java.lang.Object, java.lang.Object, java.lang.Object, java.lang.Object)'> (0x000000070fa889e8) 
thrown [s\open\src\hotspot\share\interpreter\linkResolver.cpp, line 774]
Event: 0.339 Thread 0x000002202997f320 Exception <a 'java/lang/NoSuchMethodError'{0x000000070faa4580}: 'java.lang.Object java.lang.invoke.DirectMethodHandle$Holder.invokeInterface(java.lang.Object, java.lang.Object, java.lang.Object, java.lang.Object, java.lang.Object)'> (0x000000070faa4580) 
thrown [s\open\src\hotspot\share\interpreter\linkResolver.cpp, line 774]
Event: 0.342 Thread 0x000002202997f320 Exception <a 'java/lang/NoSuchMethodError'{0x000000070fac7840}: 'double java.lang.invoke.DirectMethodHandle$Holder.invokeInterface(java.lang.Object, java.lang.Object)'> (0x000000070fac7840) 
thrown [s\open\src\hotspot\share\interpreter\linkResolver.cpp, line 774]
Event: 0.342 Thread 0x000002202997f320 Exception <a 'java/lang/NoSuchMethodError'{0x000000070facf1e0}: 'double java.lang.invoke.DelegatingMethodHandle$Holder.reinvoke_L(java.lang.Object, java.lang.Object)'> (0x000000070facf1e0) 
thrown [s\open\src\hotspot\share\interpreter\linkResolver.cpp, line 774]
Event: 0.359 Thread 0x0000022014a17120 Exception <a 'java/lang/NoSuchMethodError'{0x000000070fb6fee8}: 'java.lang.Object java.lang.invoke.DirectMethodHandle$Holder.invokeSpecial(java.lang.Object, java.lang.Object, java.lang.Object, long, java.lang.Object)'> (0x000000070fb6fee8) 
thrown [s\open\src\hotspot\share\interpreter\linkResolver.cpp, line 774]
Event: 0.359 Thread 0x0000022014a17120 Exception <a 'java/lang/NoSuchMethodError'{0x000000070fb73848}: 'java.lang.Object java.lang.invoke.Invokers$Holder.linkToTargetMethod(java.lang.Object, long, java.lang.Object, java.lang.Object)'> (0x000000070fb73848) 
thrown [s\open\src\hotspot\share\interpreter\linkResolver.cpp, line 774]
Event: 0.384 Thread 0x0000022014a17120 Exception <a 'java/lang/NoSuchMethodError'{0x000000070f8e2818}: 'void java.lang.invoke.DirectMethodHandle$Holder.invokeStatic(java.lang.Object, java.lang.Object, java.lang.Object, java.lang.Object)'> (0x000000070f8e2818) 
thrown [s\open\src\hotspot\share\interpreter\linkResolver.cpp, line 774]
Event: 0.400 Thread 0x0000022014a17120 Exception <a 'java/lang/NoSuchMethodError'{0x000000070f9e57d8}: 'int java.lang.invoke.DirectMethodHandle$Holder.invokeStaticInit(java.lang.Object, java.lang.Object)'> (0x000000070f9e57d8) 
thrown [s\open\src\hotspot\share\interpreter\linkResolver.cpp, line 774]
Event: 0.408 Thread 0x0000022014a17120 Exception <a 'java/lang/NoSuchMethodError'{0x0000000710c13348}: 'void java.lang.invoke.DirectMethodHandle$Holder.invokeInterface(java.lang.Object, java.lang.Object, java.lang.Object, java.lang.Object)'> (0x0000000710c13348) 
thrown [s\open\src\hotspot\share\interpreter\linkResolver.cpp, line 774]

ZGC Phase Switch (0 events):
No events

VM Operations (20 events):
Event: 0.073 Executing VM operation: HandshakeAllThreads (Deoptimize)
Event: 0.073 Executing VM operation: HandshakeAllThreads (Deoptimize) done
Event: 0.131 Executing VM operation: HandshakeAllThreads (Deoptimize)
Event: 0.132 Executing VM operation: HandshakeAllThreads (Deoptimize) done
Event: 0.145 Executing VM operation: HandshakeAllThreads (Deoptimize)
Event: 0.145 Executing VM operation: HandshakeAllThreads (Deoptimize) done
Event: 0.255 Executing VM operation: HandshakeAllThreads (Deoptimize)
Event: 0.255 Executing VM operation: HandshakeAllThreads (Deoptimize) done
Event: 0.294 Executing VM operation: HandshakeAllThreads (Deoptimize)
Event: 0.294 Executing VM operation: HandshakeAllThreads (Deoptimize) done
Event: 0.294 Executing VM operation: HandshakeAllThreads (Deoptimize)
Event: 0.294 Executing VM operation: HandshakeAllThreads (Deoptimize) done
Event: 0.329 Executing VM operation: HandshakeAllThreads (Deoptimize)
Event: 0.329 Executing VM operation: HandshakeAllThreads (Deoptimize) done
Event: 0.336 Executing VM operation: HandshakeAllThreads (Deoptimize)
Event: 0.337 Executing VM operation: HandshakeAllThreads (Deoptimize) done
Event: 0.351 Executing VM operation: ICBufferFull
Event: 0.351 Executing VM operation: ICBufferFull done
Event: 0.402 Executing VM operation: G1CollectForAllocation (G1 Evacuation Pause)
Event: 0.406 Executing VM operation: G1CollectForAllocation (G1 Evacuation Pause) done

Events (17 events):
Event: 0.020 Thread 0x0000022014a17120 Thread added: 0x0000022014a17120
Event: 0.030 Thread 0x0000022029761f00 Thread added: 0x0000022029761f00
Event: 0.030 Thread 0x0000022029766c30 Thread added: 0x0000022029766c30
Event: 0.030 Thread 0x0000022029768510 Thread added: 0x0000022029768510
Event: 0.030 Thread 0x000002202976a880 Thread added: 0x000002202976a880
Event: 0.031 Thread 0x000002202976dad0 Thread added: 0x000002202976dad0
Event: 0.031 Thread 0x0000022029770ca0 Thread added: 0x0000022029770ca0
Event: 0.031 Thread 0x0000022029775710 Thread added: 0x0000022029775710
Event: 0.068 Thread 0x000002202997bea0 Thread added: 0x000002202997bea0
Event: 0.073 Thread 0x0000022029731710 Thread added: 0x0000022029731710
Event: 0.122 Thread 0x0000022029bdb1a0 Thread added: 0x0000022029bdb1a0
Event: 0.124 Thread 0x000002202997cbc0 Thread added: 0x000002202997cbc0
Event: 0.124 Thread 0x000002202997d8e0 Thread added: 0x000002202997d8e0
Event: 0.299 Thread 0x000002202997c530 Thread added: 0x000002202997c530
Event: 0.307 Thread 0x000002202997f320 Thread added: 0x000002202997f320
Event: 0.318 Thread 0x000002202997d250 Thread added: 0x000002202997d250
Event: 0.327 Thread 0x000002202997df70 Thread added: 0x000002202997df70


Dynamic libraries:
0x00007ff609c00000 - 0x00007ff609c10000 	C:\Program Files\Java\jdk-22\bin\java.exe
0x00007ff956b50000 - 0x00007ff956d48000 	C:\Windows\SYSTEM32\ntdll.dll
0x00007ff9558e0000 - 0x00007ff9559a2000 	C:\Windows\System32\KERNEL32.DLL
0x00007ff954210000 - 0x00007ff954506000 	C:\Windows\System32\KERNELBASE.dll
0x00007ff9548f0000 - 0x00007ff9549f0000 	C:\Windows\System32\ucrtbase.dll
0x00007ff8fd2f0000 - 0x00007ff8fd307000 	C:\Program Files\Java\jdk-22\bin\jli.dll
0x00007ff956130000 - 0x00007ff9561e1000 	C:\Windows\System32\ADVAPI32.dll
0x00007ff9566a0000 - 0x00007ff95673e000 	C:\Windows\System32\msvcrt.dll
0x00007ff8dcc10000 - 0x00007ff8dcc2b000 	C:\Program Files\Java\jdk-22\bin\VCRUNTIME140.dll
0x00007ff954de0000 - 0x00007ff954e7f000 	C:\Windows\System32\sechost.dll
0x00007ff955660000 - 0x00007ff955783000 	C:\Windows\System32\RPCRT4.dll
0x00007ff9541e0000 - 0x00007ff954207000 	C:\Windows\System32\bcrypt.dll
0x00007ff956760000 - 0x00007ff9568fd000 	C:\Windows\System32\USER32.dll
0x00007ff954aa0000 - 0x00007ff954ac2000 	C:\Windows\System32\win32u.dll
0x00007ff937670000 - 0x00007ff93790a000 	C:\Windows\WinSxS\amd64_microsoft.windows.common-controls_6595b64144ccf1df_6.0.19041.5915_none_60b4b9d171f9c7c7\COMCTL32.dll
0x00007ff955010000 - 0x00007ff95503b000 	C:\Windows\System32\GDI32.dll
0x00007ff954780000 - 0x00007ff954899000 	C:\Windows\System32\gdi32full.dll
0x00007ff954ad0000 - 0x00007ff954b6d000 	C:\Windows\System32\msvcp_win.dll
0x00007ff94e920000 - 0x00007ff94e92a000 	C:\Windows\SYSTEM32\VERSION.dll
0x00007ff954db0000 - 0x00007ff954ddf000 	C:\Windows\System32\IMM32.DLL
0x00007ff8fd450000 - 0x00007ff8fd45c000 	C:\Program Files\Java\jdk-22\bin\vcruntime140_1.dll
0x00007ff8c6920000 - 0x00007ff8c69ae000 	C:\Program Files\Java\jdk-22\bin\msvcp140.dll
0x00007ff89fd10000 - 0x00007ff8a0a58000 	C:\Program Files\Java\jdk-22\bin\server\jvm.dll
0x00007ff954d40000 - 0x00007ff954dab000 	C:\Windows\System32\WS2_32.dll
0x00007ff941ab0000 - 0x00007ff941ad7000 	C:\Windows\SYSTEM32\WINMM.dll
0x00007ff953a90000 - 0x00007ff953adb000 	C:\Windows\SYSTEM32\POWRPROF.dll
0x00007ff953a70000 - 0x00007ff953a82000 	C:\Windows\SYSTEM32\UMPDC.dll
0x00007ff951f60000 - 0x00007ff951f72000 	C:\Windows\SYSTEM32\kernel.appcore.dll
0x00007ff8fd270000 - 0x00007ff8fd27a000 	C:\Program Files\Java\jdk-22\bin\jimage.dll
0x00007ff941150000 - 0x00007ff941351000 	C:\Windows\SYSTEM32\DBGHELP.DLL
0x00007ff92f8b0000 - 0x00007ff92f8e4000 	C:\Windows\SYSTEM32\dbgcore.DLL
0x00007ff954510000 - 0x00007ff954592000 	C:\Windows\System32\bcryptPrimitives.dll
0x00007ff8fd880000 - 0x00007ff8fd88f000 	C:\Program Files\Java\jdk-22\bin\instrument.dll
0x00007ff8c6900000 - 0x00007ff8c691e000 	C:\Program Files\Java\jdk-22\bin\java.dll
0x00007ff9559b0000 - 0x00007ff95611e000 	C:\Windows\System32\SHELL32.dll
0x00007ff9569e0000 - 0x00007ff956b0b000 	C:\Windows\System32\ole32.dll
0x00007ff9562b0000 - 0x00007ff956603000 	C:\Windows\System32\combase.dll
0x00007ff952240000 - 0x00007ff9529e4000 	C:\Windows\SYSTEM32\windows.storage.dll
0x00007ff953b30000 - 0x00007ff953b5b000 	C:\Windows\SYSTEM32\Wldp.dll
0x00007ff954ee0000 - 0x00007ff954fad000 	C:\Windows\System32\OLEAUT32.dll
0x00007ff954c90000 - 0x00007ff954d3d000 	C:\Windows\System32\SHCORE.dll
0x00007ff954fb0000 - 0x00007ff95500b000 	C:\Windows\System32\shlwapi.dll
0x00007ff954110000 - 0x00007ff954134000 	C:\Windows\SYSTEM32\profapi.dll
0x00007ff8c68c0000 - 0x00007ff8c68d7000 	C:\Program Files\Java\jdk-22\bin\zip.dll
0x00007ff8fd080000 - 0x00007ff8fd090000 	C:\Program Files\Java\jdk-22\bin\net.dll
0x00007ff9538a0000 - 0x00007ff95390a000 	C:\Windows\system32\mswsock.dll
0x00007ff8c68e0000 - 0x00007ff8c68f6000 	C:\Program Files\Java\jdk-22\bin\nio.dll
0x00007ff8fcda0000 - 0x00007ff8fcda9000 	C:\Program Files\Java\jdk-22\bin\extnet.dll
0x00007ff953580000 - 0x00007ff95364a000 	C:\Windows\SYSTEM32\DNSAPI.dll
0x00007ff953540000 - 0x00007ff95357b000 	C:\Windows\SYSTEM32\IPHLPAPI.DLL
0x00007ff956120000 - 0x00007ff956128000 	C:\Windows\System32\NSI.dll
0x00007ff94d6e0000 - 0x00007ff94d6ea000 	C:\Windows\System32\rasadhlp.dll
0x00007ff94c120000 - 0x00007ff94c1a0000 	C:\Windows\System32\fwpuclnt.dll
0x00007ff8fd4d0000 - 0x00007ff8fd4da000 	C:\Program Files\Java\jdk-22\bin\management.dll
0x00007ff8fd4c0000 - 0x00007ff8fd4cb000 	C:\Program Files\Java\jdk-22\bin\management_ext.dll
0x00007ff9561f0000 - 0x00007ff9561f8000 	C:\Windows\System32\PSAPI.DLL
0x00007ff953ed0000 - 0x00007ff953ee8000 	C:\Windows\SYSTEM32\CRYPTSP.dll
0x00007ff953180000 - 0x00007ff9531b8000 	C:\Windows\system32\rsaenh.dll
0x00007ff954090000 - 0x00007ff9540be000 	C:\Windows\SYSTEM32\USERENV.dll
0x00007ff953a30000 - 0x00007ff953a3c000 	C:\Windows\SYSTEM32\CRYPTBASE.dll
0x00007ff926900000 - 0x00007ff926917000 	C:\Windows\system32\napinsp.dll
0x00007ff9268e0000 - 0x00007ff9268fb000 	C:\Windows\system32\pnrpnsp.dll
0x00007ff94ff10000 - 0x00007ff94ff2d000 	C:\Windows\system32\wshbth.dll
0x00007ff950630000 - 0x00007ff95064d000 	C:\Windows\system32\NLAapi.dll
0x00007ff9268c0000 - 0x00007ff9268d2000 	C:\Windows\System32\winrnr.dll
0x00007ff92f370000 - 0x00007ff92f3c1000 	C:\Windows\SYSTEM32\pdh.dll

dbghelp: loaded successfully - version: 4.0.5 - missing functions: none
symbol engine: initialized successfully - sym options: 0x614 - pdb path: .;C:\Program Files\Java\jdk-22\bin;C:\Windows\SYSTEM32;C:\Windows\WinSxS\amd64_microsoft.windows.common-controls_6595b64144ccf1df_6.0.19041.5915_none_60b4b9d171f9c7c7;C:\Program Files\Java\jdk-22\bin\server

VM Arguments:
jvm_args: -XX:TieredStopAtLevel=1 -Dspring.output.ansi.enabled=always -Dcom.sun.management.jmxremote -Dspring.jmx.enabled=true -Dspring.liveBeansView.mbeanDomain -Dspring.application.admin.enabled=true -Dmanagement.endpoints.jmx.exposure.include=* -javaagent:C:\Program Files\JetBrains\IntelliJ IDEA 2024.3.2.2\lib\idea_rt.jar=58821 -Dfile.encoding=UTF-8 -Dsun.stdout.encoding=UTF-8 -Dsun.stderr.encoding=UTF-8 
java_command: com.api.cepapi.CepapiApplication
java_class_path (initial): C:\Users\NICHOLAS\Documents\Area_Dev\Projetos Programao\JAVA_Projects\API REST SPRING\Api_Consulta_CEP\target\classes;C:\Users\NICHOLAS\.m2\repository\org\springframework\boot\spring-boot-starter-web\3.5.3\spring-boot-starter-web-3.5.3.jar;C:\Users\NICHOLAS\.m2\repository\org\springframework\boot\spring-boot-starter\3.5.3\spring-boot-starter-3.5.3.jar;C:\Users\NICHOLAS\.m2\repository\org\springframework\boot\spring-boot\3.5.3\spring-boot-3.5.3.jar;C:\Users\NICHOLAS\.m2\repository\org\springframework\boot\spring-boot-autoconfigure\3.5.3\spring-boot-autoconfigure-3.5.3.jar;C:\Users\NICHOLAS\.m2\repository\org\springframework\boot\spring-boot-starter-logging\3.5.3\spring-boot-starter-logging-3.5.3.jar;C:\Users\NICHOLAS\.m2\repository\ch\qos\logback\logback-classic\1.5.18\logback-classic-1.5.18.jar;C:\Users\NICHOLAS\.m2\repository\ch\qos\logback\logback-core\1.5.18\logback-core-1.5.18.jar;C:\Users\NICHOLAS\.m2\repository\org\apache\logging\log4j\log4j-to-slf4j\2.24.3\log4j-to-slf4j-2.24.3.jar;C:\Users\NICHOLAS\.m2\repository\org\apache\logging\log4j\log4j-api\2.24.3\log4j-api-2.24.3.jar;C:\Users\NICHOLAS\.m2\repository\org\slf4j\jul-to-slf4j\2.0.17\jul-to-slf4j-2.0.17.jar;C:\Users\NICHOLAS\.m2\repository\jakarta\annotation\jakarta.annotation-api\2.1.1\jakarta.annotation-api-2.1.1.jar;C:\Users\NICHOLAS\.m2\repository\org\yaml\snakeyaml\2.4\snakeyaml-2.4.jar;C:\Users\NICHOLAS\.m2\repository\org\springframework\boot\spring-boot-starter-json\3.5.3\spring-boot-starter-json-3.5.3.jar;C:\Users\NICHOLAS\.m2\repository\com\fasterxml\jackson\core\jackson-databind\2.19.1\jackson-databind-2.19.1.jar;C:\Users\NICHOLAS\.m2\repository\com\fasterxml\jackson\core\jackson-annotations\2.19.1\jackson-annotations-2.19.1.jar;C:\Users\NICHOLAS\.m2\repository\com\fasterxml\jackson\core\jackson-core\2.19.1\jackson-core-2.19.1.jar;C:\Users\NICHOLAS\.m2\repository\com\fasterxml\jackson\datatype\jackson-datatype-jdk8\2.19.1\jackson-datatype-jdk8-2.19.1.jar;C:\Users\NICHOLAS\.m2\repository\com\fasterxml\jackson\datatype\jackson-datatype-jsr310\2.19.1\jackson-datatype-jsr310-2.19.1.jar;C:\Users\NICHOLAS\.m2\repository\com\fasterxml\jackson\module\jackson-module-parameter-names\2.19.1\jackson-module-parameter-names-2.19.1.jar;C:\Users\NICHOLAS\.m2\repository\org\springframework\boot\spring-boot-starter-tomcat\3.5.3\spring-boot-starter-tomcat-3.5.3.jar;C:\Users\NICHOLAS\.m2\repository\org\apache\tomcat\embed\tomcat-embed-core\10.1.42\tomcat-embed-core-10.1.42.jar;C:\Users\NICHOLAS\.m2\repository\org\apache\tomcat\embed\tomcat-embed-el\10.1.42\tomcat-embed-el-10.1.42.jar;C:\Users\NICHOLAS\.m2\repository\org\apache\tomcat\embed\tomcat-embed-websocket\10.1.42\tomcat-embed-websocket-10.1.42.jar;C:\Users\NICHOLAS\.m2\repository\org\springframework\spring-web\6.2.8\spring-web-6.2.8.jar;C:\Users\NICHOLAS\.m2\repository\org\springframework\spring-beans\6.2.8\spring-beans-6.2.8.jar;C:\Users\NICHOLAS\.m2\repository\io\micrometer\micrometer-observation\1.15.1\micrometer-observation-1.15.1.jar;C:\Users\NICHOLAS\.m2\repository\io\micrometer\micrometer-commons\1.15.1\micrometer-commons-1.15.1.jar;C:\Users\NICHOLAS\.m2\repository\org\springframework\spring-webmvc\6.2.8\spring-webmvc-6.2.8.jar;C:\Users\NICHOLAS\.m2\repository\org\springframework\spring-aop\6.2.8\spring-aop-6.2.8.jar;C:\Users\NICHOLAS\.m2\repository\org\springframework\spring-context\6.2.8\spring-context-6.2.8.jar;C:\Users\NICHOLAS\.m2\repository\org\springframework\spring-expression\6.2.8\spring-expression-6.2.8.jar;C:\Users\NICHOLAS\.m2\repository\org\slf4j\slf4j-api\2.0.17\slf4j-api-2.0.17.jar;C:\Users\NICHOLAS\.m2\repository\org\springframework\spring-core\6.2.8\spring-core-6.2.8.jar;C:\Users\NICHOLAS\.m2\repository\org\springframework\spring-jcl\6.2.8\spring-jcl-6.2.8.jar
Launcher Type: SUN_STANDARD

[Global flags]
     intx CICompilerCount                          = 3                                         {product} {ergonomic}
     uint ConcGCThreads                            = 2                                         {product} {ergonomic}
     uint G1ConcRefinementThreads                  = 6                                         {product} {ergonomic}
   size_t G1HeapRegionSize                         = 2097152                                   {product} {ergonomic}
   size_t InitialHeapSize                          = 268435456                                 {product} {ergonomic}
     bool ManagementServer                         = true                                      {product} {command line}
   size_t MarkStackSize                            = 4194304                                   {product} {ergonomic}
   size_t MaxHeapSize                              = 4280287232                                {product} {ergonomic}
   size_t MaxNewSize                               = 2566914048                                {product} {ergonomic}
   size_t MinHeapDeltaBytes                        = 2097152                                   {product} {ergonomic}
   size_t MinHeapSize                              = 8388608                                   {product} {ergonomic}
    uintx NonNMethodCodeHeapSize                   = 4096                                   {pd product} {ergonomic}
    uintx NonProfiledCodeHeapSize                  = 0                                      {pd product} {ergonomic}
     bool ProfileInterpreter                       = false                                  {pd product} {command line}
    uintx ProfiledCodeHeapSize                     = 0                                      {pd product} {ergonomic}
   size_t SoftMaxHeapSize                          = 4280287232                             {manageable} {ergonomic}
     intx TieredStopAtLevel                        = 1                                         {product} {command line}
     bool UseCompressedOops                        = true                           {product lp64_product} {ergonomic}
     bool UseG1GC                                  = true                                      {product} {ergonomic}
     bool UseLargePagesIndividualAllocation        = false                                  {pd product} {ergonomic}

Logging:
Log output configuration:
 #0: stdout all=warning uptime,level,tags foldmultilines=false
 #1: stderr all=off uptime,level,tags foldmultilines=false

Environment Variables:
PATH=C:\Program Files\Microsoft SDKs\Azure\CLI2\wbin;C:\Python312\Scripts\;C:\Python312\;C:\Program Files\Common Files\Oracle\Java\javapath;C:\Program Files (x86)\Common Files\Oracle\Java\java8path;C:\Program Files (x86)\Common Files\Oracle\Java\javapath;C:\Windows\system32;C:\Windows;C:\Windows\System32\Wbem;C:\Windows\System32\WindowsPowerShell\v1.0\;C:\Windows\System32\OpenSSH\;C:\Program Files (x86)\NVIDIA Corporation\PhysX\Common;C:\Program Files\dotnet\;C:\Program Files\Git\cmd;C:\ProgramData\chocolatey\bin;C:\Program Files\nodejs\;C:\Program Files\NVIDIA Corporation\NVIDIA app\NvDLISR;;C:\Program Files\Docker\Docker\resources\bin;C:\Users\NICHOLAS\AppData\Local\Microsoft\WindowsApps;C:\Users\NICHOLAS\.dotnet\tools;C:\Users\NICHOLAS\AppData\Local\Programs\Microsoft VS Code\bin;C:\Program Files\JetBrains\IntelliJ IDEA Community Edition 2023.3.6\bin;;C:\Users\NICHOLAS\AppData\Roaming\npm;C:\apache-maven-3.9.10\bin;
USERNAME=NICHOLAS
OS=Windows_NT
PROCESSOR_IDENTIFIER=Intel64 Family 6 Model 158 Stepping 13, GenuineIntel
TMP=C:\Users\NICHOLAS\AppData\Local\Temp
TEMP=C:\Users\NICHOLAS\AppData\Local\Temp




Periodic native trim disabled

---------------  S Y S T E M  ---------------

OS:
 Windows 10 , 64 bit Build 19041 (10.0.19041.5915)
OS uptime: 0 days 4:29 hours
Hyper-V role detected

CPU: total 6 (initial active 6) (6 cores per cpu, 1 threads per core) family 6 model 158 stepping 13 microcode 0xd6, cx8, cmov, fxsr, mmx, 3dnowpref, sse, sse2, sse3, ssse3, sse4.1, sse4.2, popcnt, lzcnt, tsc, tscinvbit, avx, avx2, aes, erms, clmul, bmi1, bmi2, adx, fma, vzeroupper, clflush, clflushopt, hv, rdtscp, f16c
Processor Information for all 6 processors :
  Max Mhz: 3696, Current Mhz: 3696, Mhz Limit: 3696

Memory: 4k page, system-wide physical 16322M (1602M free)
TotalPageFile size 22122M (AvailPageFile size 4M)
current process WorkingSet (physical memory assigned to process): 77M, peak: 77M
current process commit charge ("private bytes"): 349M, peak: 350M

vm_info: Java HotSpot(TM) 64-Bit Server VM (22+36-2370) for windows-amd64 JRE (22+36-2370), built on 2024-02-15T22:15:19Z by "mach5one" with MS VC++ 17.6 (VS2022)

END.
